2018-06-27 19:02:05,675 - Log4JLogChute initialized using file 'velocity.log'
2018-06-27 19:02:05,676 - Velocity was not initialized! Calling init()...
2018-06-27 19:02:05,676 - Starting Apache Velocity v1.5 (compiled: 2007-02-22 08:52:29)
2018-06-27 19:02:05,676 - Default Properties File: org/apache/velocity/runtime/defaults/velocity.properties
2018-06-27 19:02:05,676 - Trying to use logger class org.apache.velocity.runtime.log.AvalonLogChute
2018-06-27 19:02:05,677 - Couldn't find class org.apache.velocity.runtime.log.AvalonLogChute or necessary supporting classes in classpath.
java.lang.NoClassDefFoundError: org/apache/log/format/Formatter
	at java.lang.Class.forName0(Native Method)
	at java.lang.Class.forName(Class.java:348)
	at org.apache.velocity.util.ClassUtils.getClass(ClassUtils.java:63)
	at org.apache.velocity.util.ClassUtils.getNewInstance(ClassUtils.java:95)
	at org.apache.velocity.runtime.log.LogManager.createLogChute(LogManager.java:147)
	at org.apache.velocity.runtime.log.LogManager.updateLog(LogManager.java:208)
	at org.apache.velocity.runtime.RuntimeInstance.initializeLog(RuntimeInstance.java:728)
	at org.apache.velocity.runtime.RuntimeInstance.init(RuntimeInstance.java:240)
	at org.apache.velocity.runtime.RuntimeInstance.parse(RuntimeInstance.java:993)
	at org.apache.velocity.runtime.RuntimeInstance.parse(RuntimeInstance.java:972)
	at org.apache.velocity.runtime.RuntimeSingleton.parse(RuntimeSingleton.java:265)
	at org.apache.velocity.app.Velocity.evaluate(Velocity.java:274)
	at org.sonatype.mavenbook.weather.WeatherFormatter.format(WeatherFormatter.java:23)
	at org.sonatype.mavenbook.weather.yahoo.WeatherFormatterTest.testFormat(WeatherFormatterTest.java:23)
	at sun.reflect.NativeMethodAccessorImpl.invoke0(Native Method)
	at sun.reflect.NativeMethodAccessorImpl.invoke(NativeMethodAccessorImpl.java:62)
	at sun.reflect.DelegatingMethodAccessorImpl.invoke(DelegatingMethodAccessorImpl.java:43)
	at java.lang.reflect.Method.invoke(Method.java:498)
	at junit.framework.TestCase.runTest(TestCase.java:176)
	at junit.framework.TestCase.runBare(TestCase.java:141)
	at junit.framework.TestResult$1.protect(TestResult.java:122)
	at junit.framework.TestResult.runProtected(TestResult.java:142)
	at junit.framework.TestResult.run(TestResult.java:125)
	at junit.framework.TestCase.run(TestCase.java:129)
	at junit.framework.TestSuite.runTest(TestSuite.java:255)
	at junit.framework.TestSuite.run(TestSuite.java:250)
	at org.junit.internal.runners.JUnit38ClassRunner.run(JUnit38ClassRunner.java:84)
	at org.apache.maven.surefire.junit4.JUnit4Provider.execute(JUnit4Provider.java:369)
	at org.apache.maven.surefire.junit4.JUnit4Provider.executeWithRerun(JUnit4Provider.java:275)
	at org.apache.maven.surefire.junit4.JUnit4Provider.executeTestSet(JUnit4Provider.java:239)
	at org.apache.maven.surefire.junit4.JUnit4Provider.invoke(JUnit4Provider.java:160)
	at org.apache.maven.surefire.booter.ForkedBooter.invokeProviderInSameClassLoader(ForkedBooter.java:373)
	at org.apache.maven.surefire.booter.ForkedBooter.runSuitesInProcess(ForkedBooter.java:334)
	at org.apache.maven.surefire.booter.ForkedBooter.execute(ForkedBooter.java:119)
	at org.apache.maven.surefire.booter.ForkedBooter.main(ForkedBooter.java:407)
Caused by: java.lang.ClassNotFoundException: org.apache.log.format.Formatter
	at java.net.URLClassLoader.findClass(URLClassLoader.java:381)
	at java.lang.ClassLoader.loadClass(ClassLoader.java:424)
	at sun.misc.Launcher$AppClassLoader.loadClass(Launcher.java:331)
	at java.lang.ClassLoader.loadClass(ClassLoader.java:357)
	... 35 more
2018-06-27 19:02:05,679 - Trying to use logger class org.apache.velocity.runtime.log.Log4JLogChute
2018-06-27 19:02:05,679 - Using logger class org.apache.velocity.runtime.log.Log4JLogChute
2018-06-27 19:02:05,682 - Default ResourceManager initializing. (class org.apache.velocity.runtime.resource.ResourceManagerImpl)
2018-06-27 19:02:05,685 - ResourceLoader instantiated: org.apache.velocity.runtime.resource.loader.FileResourceLoader
2018-06-27 19:02:05,686 - Do unicode file recognition:  false
2018-06-27 19:02:05,686 - FileResourceLoader : adding path '.'
2018-06-27 19:02:05,699 - ResourceCache: initialized (class org.apache.velocity.runtime.resource.ResourceCacheImpl)
2018-06-27 19:02:05,700 - Loaded System Directive: org.apache.velocity.runtime.directive.Literal
2018-06-27 19:02:05,700 - Loaded System Directive: org.apache.velocity.runtime.directive.Macro
2018-06-27 19:02:05,701 - Loaded System Directive: org.apache.velocity.runtime.directive.Parse
2018-06-27 19:02:05,702 - Loaded System Directive: org.apache.velocity.runtime.directive.Include
2018-06-27 19:02:05,703 - Loaded System Directive: org.apache.velocity.runtime.directive.Foreach
2018-06-27 19:02:05,725 - Created '20' parsers.
2018-06-27 19:02:05,730 - Velocimacro : "velocimacro.library" is not set.  Trying default library: VM_global_library.vm
2018-06-27 19:02:05,730 - Velocimacro : Default library not found.
2018-06-27 19:02:05,730 - Velocimacro : allowInline = true : VMs can be defined inline in templates
2018-06-27 19:02:05,730 - Velocimacro : allowInlineToOverride = false : VMs defined inline may NOT replace previous VM definitions
2018-06-27 19:02:05,730 - Velocimacro : allowInlineLocal = false : VMs defined inline will be global in scope if allowed.
2018-06-27 19:02:05,730 - Velocimacro : autoload off : VM system will not automatically reload global library macros
2018-06-27 19:11:43,892 - Log4JLogChute initialized using file 'velocity.log'
2018-06-27 19:11:43,893 - Velocity was not initialized! Calling init()...
2018-06-27 19:11:43,893 - Starting Apache Velocity v1.5 (compiled: 2007-02-22 08:52:29)
2018-06-27 19:11:43,893 - Default Properties File: org/apache/velocity/runtime/defaults/velocity.properties
2018-06-27 19:11:43,893 - Trying to use logger class org.apache.velocity.runtime.log.AvalonLogChute
2018-06-27 19:11:43,894 - Couldn't find class org.apache.velocity.runtime.log.AvalonLogChute or necessary supporting classes in classpath.
java.lang.NoClassDefFoundError: org/apache/log/format/Formatter
	at java.lang.Class.forName0(Native Method)
	at java.lang.Class.forName(Class.java:348)
	at org.apache.velocity.util.ClassUtils.getClass(ClassUtils.java:63)
	at org.apache.velocity.util.ClassUtils.getNewInstance(ClassUtils.java:95)
	at org.apache.velocity.runtime.log.LogManager.createLogChute(LogManager.java:147)
	at org.apache.velocity.runtime.log.LogManager.updateLog(LogManager.java:208)
	at org.apache.velocity.runtime.RuntimeInstance.initializeLog(RuntimeInstance.java:728)
	at org.apache.velocity.runtime.RuntimeInstance.init(RuntimeInstance.java:240)
	at org.apache.velocity.runtime.RuntimeInstance.parse(RuntimeInstance.java:993)
	at org.apache.velocity.runtime.RuntimeInstance.parse(RuntimeInstance.java:972)
	at org.apache.velocity.runtime.RuntimeSingleton.parse(RuntimeSingleton.java:265)
	at org.apache.velocity.app.Velocity.evaluate(Velocity.java:274)
	at org.sonatype.mavenbook.weather.WeatherFormatter.format(WeatherFormatter.java:23)
	at org.sonatype.mavenbook.weather.yahoo.WeatherFormatterTest.testFormat(WeatherFormatterTest.java:23)
	at sun.reflect.NativeMethodAccessorImpl.invoke0(Native Method)
	at sun.reflect.NativeMethodAccessorImpl.invoke(NativeMethodAccessorImpl.java:62)
	at sun.reflect.DelegatingMethodAccessorImpl.invoke(DelegatingMethodAccessorImpl.java:43)
	at java.lang.reflect.Method.invoke(Method.java:498)
	at junit.framework.TestCase.runTest(TestCase.java:176)
	at junit.framework.TestCase.runBare(TestCase.java:141)
	at junit.framework.TestResult$1.protect(TestResult.java:122)
	at junit.framework.TestResult.runProtected(TestResult.java:142)
	at junit.framework.TestResult.run(TestResult.java:125)
	at junit.framework.TestCase.run(TestCase.java:129)
	at junit.framework.TestSuite.runTest(TestSuite.java:255)
	at junit.framework.TestSuite.run(TestSuite.java:250)
	at org.junit.internal.runners.JUnit38ClassRunner.run(JUnit38ClassRunner.java:84)
	at org.apache.maven.surefire.junit4.JUnit4Provider.execute(JUnit4Provider.java:369)
	at org.apache.maven.surefire.junit4.JUnit4Provider.executeWithRerun(JUnit4Provider.java:275)
	at org.apache.maven.surefire.junit4.JUnit4Provider.executeTestSet(JUnit4Provider.java:239)
	at org.apache.maven.surefire.junit4.JUnit4Provider.invoke(JUnit4Provider.java:160)
	at org.apache.maven.surefire.booter.ForkedBooter.invokeProviderInSameClassLoader(ForkedBooter.java:373)
	at org.apache.maven.surefire.booter.ForkedBooter.runSuitesInProcess(ForkedBooter.java:334)
	at org.apache.maven.surefire.booter.ForkedBooter.execute(ForkedBooter.java:119)
	at org.apache.maven.surefire.booter.ForkedBooter.main(ForkedBooter.java:407)
Caused by: java.lang.ClassNotFoundException: org.apache.log.format.Formatter
	at java.net.URLClassLoader.findClass(URLClassLoader.java:381)
	at java.lang.ClassLoader.loadClass(ClassLoader.java:424)
	at sun.misc.Launcher$AppClassLoader.loadClass(Launcher.java:331)
	at java.lang.ClassLoader.loadClass(ClassLoader.java:357)
	... 35 more
2018-06-27 19:11:43,896 - Trying to use logger class org.apache.velocity.runtime.log.Log4JLogChute
2018-06-27 19:11:43,896 - Using logger class org.apache.velocity.runtime.log.Log4JLogChute
2018-06-27 19:11:43,898 - Default ResourceManager initializing. (class org.apache.velocity.runtime.resource.ResourceManagerImpl)
2018-06-27 19:11:43,901 - ResourceLoader instantiated: org.apache.velocity.runtime.resource.loader.FileResourceLoader
2018-06-27 19:11:43,902 - Do unicode file recognition:  false
2018-06-27 19:11:43,902 - FileResourceLoader : adding path '.'
2018-06-27 19:11:43,914 - ResourceCache: initialized (class org.apache.velocity.runtime.resource.ResourceCacheImpl)
2018-06-27 19:11:43,915 - Loaded System Directive: org.apache.velocity.runtime.directive.Literal
2018-06-27 19:11:43,916 - Loaded System Directive: org.apache.velocity.runtime.directive.Macro
2018-06-27 19:11:43,917 - Loaded System Directive: org.apache.velocity.runtime.directive.Parse
2018-06-27 19:11:43,918 - Loaded System Directive: org.apache.velocity.runtime.directive.Include
2018-06-27 19:11:43,918 - Loaded System Directive: org.apache.velocity.runtime.directive.Foreach
2018-06-27 19:11:43,941 - Created '20' parsers.
2018-06-27 19:11:43,946 - Velocimacro : "velocimacro.library" is not set.  Trying default library: VM_global_library.vm
2018-06-27 19:11:43,947 - Velocimacro : Default library not found.
2018-06-27 19:11:43,947 - Velocimacro : allowInline = true : VMs can be defined inline in templates
2018-06-27 19:11:43,947 - Velocimacro : allowInlineToOverride = false : VMs defined inline may NOT replace previous VM definitions
2018-06-27 19:11:43,947 - Velocimacro : allowInlineLocal = false : VMs defined inline will be global in scope if allowed.
2018-06-27 19:11:43,947 - Velocimacro : autoload off : VM system will not automatically reload global library macros
